app/build/outputs/logs/manifest-merger-debug-report.txt
-- Merging decision tree log ---
manifest
ADDED from src\main\AndroidManifest.xml:2:1-42:12
	package
		ADDED from src\main\AndroidManifest.xml:3:5-32
		INJECTED from src\main\AndroidManifest.xml
		INJECTED from src\main\AndroidManifest.xml
	android:versionName
		INJECTED from src\main\AndroidManifest.xml
		INJECTED from src\main\AndroidManifest.xml
	xmlns:android
		ADDED from src\main\AndroidManifest.xml:2:11-69
	android:versionCode
		INJECTED from src\main\AndroidManifest.xml
		INJECTED from src\main\AndroidManifest.xml
uses-permission#android.permission.INTERNET
ADDED from src\main\AndroidManifest.xml:5:5-67
MERGED from [com.ali.auth.sdk:alibabauth_ui:1.1.4] AndroidManifest.xml:15:5-67
MERGED from [com.taobao.android:securityguardaar3:5.1.81] AndroidManifest.xml:17:5-67
MERGED from [com.taobao.android:securitybodyaar3:5.1.25] AndroidManifest.xml:11:5-67
MERGED from [com.alibaba.sdk.android:alibc_trade_sdk:3.1.1.11] AndroidManifest.xml:13:5-67
	android:name
		ADDED from src\main\AndroidManifest.xml:5:22-64
uses-permission#android.permission.WRITE_EXTERNAL_STORAGE
ADDED from src\main\AndroidManifest.xml:6:5-81
MERGED from [com.ali.auth.sdk:alibabauth_ui:1.1.4] AndroidManifest.xml:11:5-81
MERGED from [com.taobao.android:securityguardaar3:5.1.81] AndroidManifest.xml:12:5-81
MERGED from [com.alibaba.sdk.android:alibc_trade_sdk:3.1.1.11] AndroidManifest.xml:17:5-81
	android:name
		ADDED from src\main\AndroidManifest.xml:6:22-78
uses-permission#android.permission.READ_PHONE_STATE
ADDED from src\main\AndroidManifest.xml:7:5-75
MERGED from [com.ali.auth.sdk:alibabauth_ui:1.1.4] AndroidManifest.xml:14:5-75
MERGED from [com.taobao.android:securityguardaar3:5.1.81] AndroidManifest.xml:15:5-75
MERGED from [com.alibaba.sdk.android:alibc_trade_sdk:3.1.1.11] AndroidManifest.xml:16:5-75
	android:name
		ADDED from src\main\AndroidManifest.xml:7:22-72
application
ADDED from src\main\AndroidManifest.xml:9:5-40:19
MERGED from [CheapTicket:mylibrary:unspecified] AndroidManifest.xml:11:5-20
MERGED from [com.android.support:design:24.2.1] AndroidManifest.xml:22:5-20
MERGED from [com.android.support:support-v4:24.2.1] AndroidManifest.xml:25:5-20
MERGED from [com.android.support:support-compat:24.2.1] AndroidManifest.xml:25:5-20
MERGED from [com.android.support:support-media-compat:24.2.1] AndroidManifest.xml:25:5-20
MERGED from [com.android.support:support-core-utils:24.2.1] AndroidManifest.xml:25:5-20
MERGED from [com.android.support:support-core-ui:24.2.1] AndroidManifest.xml:25:5-20
MERGED from [com.android.support:support-fragment:24.2.1] AndroidManifest.xml:25:5-20
MERGED from [com.android.support:appcompat-v7:24.2.1] AndroidManifest.xml:25:5-20
MERGED from [com.android.support:support-vector-drawable:24.2.1] AndroidManifest.xml:23:5-20
MERGED from [com.android.support:animated-vector-drawable:24.2.1] AndroidManifest.xml:22:5-20
MERGED from [org.xutils:xutils:3.3.40] AndroidManifest.xml:12:5-20
MERGED from [com.ali.auth.sdk:alibabauth_ui:1.1.4] AndroidManifest.xml:19:5-40:19
MERGED from [com.taobao.android:securityguardaar3:5.1.81] AndroidManifest.xml:24:5-27:19
MERGED from [com.taobao.android:securitybodyaar3:5.1.25] AndroidManifest.xml:14:5-17:19
MERGED from [com.alibaba.sdk.android:alibc_trade_sdk:3.1.1.11] AndroidManifest.xml:19:5-76:19
MERGED from [com.android.support:cardview-v7:22.2.1] AndroidManifest.xml:22:5-20
	android:label
		ADDED from src\main\AndroidManifest.xml:13:9-41
	android:supportsRtl
		ADDED from src\main\AndroidManifest.xml:14:9-35
	android:allowBackup
		ADDED from src\main\AndroidManifest.xml:11:9-36
	android:icon
		ADDED from src\main\AndroidManifest.xml:12:9-38
	android:theme
		ADDED from src\main\AndroidManifest.xml:15:9-40
	android:name
		ADDED from src\main\AndroidManifest.xml:10:9-38
activity#com.jeancle.cheap.activity.MainActivity
ADDED from src\main\AndroidManifest.xml:16:9-18:47
	android:launchMode
		ADDED from src\main\AndroidManifest.xml:18:13-44
	android:name
		ADDED from src\main\AndroidManifest.xml:17:13-50
activity#com.jeancle.cheap.activity.SplashActivity
ADDED from src\main\AndroidManifest.xml:19:9-25:20
	android:name
		ADDED from src\main\AndroidManifest.xml:19:19-58
intent-filter#android.intent.action.MAIN+android.intent.category.LAUNCHER
ADDED from src\main\AndroidManifest.xml:20:13-24:29
action#android.intent.action.MAIN
ADDED from src\main\AndroidManifest.xml:21:17-69
	android:name
		ADDED from src\main\AndroidManifest.xml:21:25-66
category#android.intent.category.LAUNCHER
ADDED from src\main\AndroidManifest.xml:23:17-77
	android:name
		ADDED from src\main\AndroidManifest.xml:23:27-74
meta-data#com.alibaba.app.appkey
ADDED from src\main\AndroidManifest.xml:27:9-29:40
	android:value
		ADDED from src\main\AndroidManifest.xml:29:13-37
	android:name
		ADDED from src\main\AndroidManifest.xml:28:13-50
meta-data#com.alibaba.app.pid
ADDED from src\main\AndroidManifest.xml:30:9-32:61
	android:value
		ADDED from src\main\AndroidManifest.xml:32:13-58
	android:name
		ADDED from src\main\AndroidManifest.xml:31:13-47
activity#com.jeancle.cheap.activity.WelcomeActivity
ADDED from src\main\AndroidManifest.xml:34:9-62
	android:name
		ADDED from src\main\AndroidManifest.xml:34:19-59
activity#com.jeancle.cheap.activity.login.LoginActivity
ADDED from src\main\AndroidManifest.xml:35:9-66
	android:name
		ADDED from src\main\AndroidManifest.xml:35:19-63
activity#com.jeancle.cheap.activity.login.RegisterActivity
ADDED from src\main\AndroidManifest.xml:36:9-69
	android:name
		ADDED from src\main\AndroidManifest.xml:36:19-66
activity#com.jeancle.cheap.activity.login.FindPwdActivity
ADDED from src\main\AndroidManifest.xml:37:9-68
	android:name
		ADDED from src\main\AndroidManifest.xml:37:19-65
activity#com.jeancle.cheap.activity.SettingActivity
ADDED from src\main\AndroidManifest.xml:38:9-62
	android:name
		ADDED from src\main\AndroidManifest.xml:38:19-59
activity#com.jeancle.cheap.activity.GoodsDetailActivity
ADDED from src\main\AndroidManifest.xml:39:9-75
	android:name
		ADDED from src\main\AndroidManifest.xml:39:19-63
uses-sdk
INJECTED from src\main\AndroidManifest.xml reason: use-sdk injection requested
MERGED from [CheapTicket:mylibrary:unspecified] AndroidManifest.xml:7:5-9:41
MERGED from [com.android.support:design:24.2.1] AndroidManifest.xml:20:5-43
MERGED from [com.android.support:support-v4:24.2.1] AndroidManifest.xml:21:5-23:54
MERGED from [com.android.support:support-compat:24.2.1] AndroidManifest.xml:21:5-23:58
MERGED from [com.android.support:support-media-compat:24.2.1] AndroidManifest.xml:21:5-23:63
MERGED from [com.android.support:support-core-utils:24.2.1] AndroidManifest.xml:21:5-23:61
MERGED from [com.android.support:support-core-ui:24.2.1] AndroidManifest.xml:21:5-23:58
MERGED from [com.android.support:support-fragment:24.2.1] AndroidManifest.xml:21:5-23:60
MERGED from [com.android.support:appcompat-v7:24.2.1] AndroidManifest.xml:21:5-23:78
MERGED from [com.android.support:support-vector-drawable:24.2.1] AndroidManifest.xml:21:5-43
MERGED from [com.android.support:animated-vector-drawable:24.2.1] AndroidManifest.xml:20:5-44
MERGED from [com.android.support:recyclerview-v7:24.2.1] AndroidManifest.xml:20:5-43
MERGED from [org.xutils:xutils:3.3.40] AndroidManifest.xml:8:5-10:41
MERGED from [com.ali.auth.sdk:alibabauth_ui:1.1.4] AndroidManifest.xml:7:5-9:41
MERGED from [com.taobao.android:securityguardaar3:5.1.81] AndroidManifest.xml:7:5-9:41
MERGED from [com.taobao.android:securitybodyaar3:5.1.25] AndroidManifest.xml:7:5-9:41
MERGED from [com.alibaba.sdk.android:alibc_trade_sdk:3.1.1.11] AndroidManifest.xml:8:5-10:41
MERGED from [com.android.support:cardview-v7:22.2.1] AndroidManifest.xml:20:5-43
	tools:overrideLibrary
		ADDED from [com.android.support:support-v4:24.2.1] AndroidManifest.xml:23:9-51
	android:targetSdkVersion
		INJECTED from src\main\AndroidManifest.xml
		INJECTED from src\main\AndroidManifest.xml
	android:minSdkVersion
		INJECTED from src\main\AndroidManifest.xml
		INJECTED from src\main\AndroidManifest.xml
uses-permission#android.permission.ACCESS_NETWORK_STATE
ADDED from [com.ali.auth.sdk:alibabauth_ui:1.1.4] AndroidManifest.xml:12:5-79
MERGED from [com.taobao.android:securityguardaar3:5.1.81] AndroidManifest.xml:13:5-79
MERGED from [com.taobao.android:securitybodyaar3:5.1.25] AndroidManifest.xml:12:5-79
MERGED from [com.alibaba.sdk.android:alibc_trade_sdk:3.1.1.11] AndroidManifest.xml:14:5-79
	android:name
		ADDED from [com.ali.auth.sdk:alibabauth_ui:1.1.4] AndroidManifest.xml:12:22-76
uses-permission#android.permission.ACCESS_WIFI_STATE
ADDED from [com.ali.auth.sdk:alibabauth_ui:1.1.4] AndroidManifest.xml:13:5-76
MERGED from [com.taobao.android:securityguardaar3:5.1.81] AndroidManifest.xml:14:5-76
MERGED from [com.alibaba.sdk.android:alibc_trade_sdk:3.1.1.11] AndroidManifest.xml:15:5-76
	android:name
		ADDED from [com.ali.auth.sdk:alibabauth_ui:1.1.4] AndroidManifest.xml:13:22-73
uses-permission#android.permission.READ_EXTERNAL_STORAGE
ADDED from [com.ali.auth.sdk:alibabauth_ui:1.1.4] AndroidManifest.xml:16:5-80
MERGED from [com.taobao.android:securityguardaar3:5.1.81] AndroidManifest.xml:11:5-80
	android:name
		ADDED from [com.ali.auth.sdk:alibabauth_ui:1.1.4] AndroidManifest.xml:16:22-77
uses-permission#android.permission.GET_TASKS
ADDED from [com.ali.auth.sdk:alibabauth_ui:1.1.4] AndroidManifest.xml:17:5-68
MERGED from [com.taobao.android:securityguardaar3:5.1.81] AndroidManifest.xml:22:5-68
	android:name
		ADDED from [com.ali.auth.sdk:alibabauth_ui:1.1.4] AndroidManifest.xml:17:22-65
activity#com.ali.auth.third.ui.webview.BaseWebViewActivity
ADDED from [com.ali.auth.sdk:alibabauth_ui:1.1.4] AndroidManifest.xml:20:9-23:69
	android:screenOrientation
		ADDED from [com.ali.auth.sdk:alibabauth_ui:1.1.4] AndroidManifest.xml:22:13-49
	android:theme
		ADDED from [com.ali.auth.sdk:alibabauth_ui:1.1.4] AndroidManifest.xml:23:13-66
	android:name
		ADDED from [com.ali.auth.sdk:alibabauth_ui:1.1.4] AndroidManifest.xml:21:13-77
activity#com.ali.auth.third.ui.LoginWebViewActivity
ADDED from [com.ali.auth.sdk:alibabauth_ui:1.1.4] AndroidManifest.xml:24:9-27:69
	android:screenOrientation
		ADDED from [com.ali.auth.sdk:alibabauth_ui:1.1.4] AndroidManifest.xml:26:13-49
	android:theme
		ADDED from [com.ali.auth.sdk:alibabauth_ui:1.1.4] AndroidManifest.xml:27:13-66
	android:name
		ADDED from [com.ali.auth.sdk:alibabauth_ui:1.1.4] AndroidManifest.xml:25:13-70
activity#com.ali.auth.third.ui.LoginActivity
ADDED from [com.ali.auth.sdk:alibabauth_ui:1.1.4] AndroidManifest.xml:28:9-31:75
	android:screenOrientation
		ADDED from [com.ali.auth.sdk:alibabauth_ui:1.1.4] AndroidManifest.xml:30:13-49
	android:theme
		ADDED from [com.ali.auth.sdk:alibabauth_ui:1.1.4] AndroidManifest.xml:31:13-72
	android:name
		ADDED from [com.ali.auth.sdk:alibabauth_ui:1.1.4] AndroidManifest.xml:29:13-63
activity#com.ali.auth.third.accountlink.ui.BindResultActivity
ADDED from [com.ali.auth.sdk:alibabauth_ui:1.1.4] AndroidManifest.xml:32:9-35:75
	android:screenOrientation
		ADDED from [com.ali.auth.sdk:alibabauth_ui:1.1.4] AndroidManifest.xml:34:13-49
	android:theme
		ADDED from [com.ali.auth.sdk:alibabauth_ui:1.1.4] AndroidManifest.xml:35:13-72
	android:name
		ADDED from [com.ali.auth.sdk:alibabauth_ui:1.1.4] AndroidManifest.xml:33:13-80
activity#com.ali.auth.third.accountlink.ui.UnbindWebViewActivity
ADDED from [com.ali.auth.sdk:alibabauth_ui:1.1.4] AndroidManifest.xml:36:9-39:69
	android:screenOrientation
		ADDED from [com.ali.auth.sdk:alibabauth_ui:1.1.4] AndroidManifest.xml:38:13-49
	android:theme
		ADDED from [com.ali.auth.sdk:alibabauth_ui:1.1.4] AndroidManifest.xml:39:13-66
	android:name
		ADDED from [com.ali.auth.sdk:alibabauth_ui:1.1.4] AndroidManifest.xml:37:13-83
android:uses-permission#android.permission.READ_EXTERNAL_STORAGE
IMPLIED from src\main\AndroidManifest.xml:2:1-42:12 reason: com.ali.member.third.ui requested WRITE_EXTERNAL_STORAGE
uses-permission#android.permission.WRITE_SETTINGS
ADDED from [com.taobao.android:securityguardaar3:5.1.81] AndroidManifest.xml:16:5-73
	android:name
		ADDED from [com.taobao.android:securityguardaar3:5.1.81] AndroidManifest.xml:16:22-70
uses-permission#android.permission.BLUETOOTH
ADDED from [com.taobao.android:securityguardaar3:5.1.81] AndroidManifest.xml:18:5-68
	android:name
		ADDED from [com.taobao.android:securityguardaar3:5.1.81] AndroidManifest.xml:18:22-65
uses-permission#android.permission.ACCESS_FINE_LOCATION
ADDED from [com.taobao.android:securityguardaar3:5.1.81] AndroidManifest.xml:19:5-79
	android:name
		ADDED from [com.taobao.android:securityguardaar3:5.1.81] AndroidManifest.xml:19:22-76
uses-permission#android.permission.ACCESS_COARSE_LOCATION
ADDED from [com.taobao.android:securityguardaar3:5.1.81] AndroidManifest.xml:20:5-81
	android:name
		ADDED from [com.taobao.android:securityguardaar3:5.1.81] AndroidManifest.xml:20:22-78
uses-permission#android.permission.READ_SETTINGS
ADDED from [com.taobao.android:securityguardaar3:5.1.81] AndroidManifest.xml:21:5-72
	android:name
		ADDED from [com.taobao.android:securityguardaar3:5.1.81] AndroidManifest.xml:21:22-69
uses-permission#android.permission.RUN_INSTRUMENTATION
ADDED from [com.alibaba.sdk.android:alibc_trade_sdk:3.1.1.11] AndroidManifest.xml:12:5-78
	android:name
		ADDED from [com.alibaba.sdk.android:alibc_trade_sdk:3.1.1.11] AndroidManifest.xml:12:22-75
activity#com.alibaba.baichuan.android.trade.ui.activity.AlibcWebViewActivity
ADDED from [com.alibaba.sdk.android:alibc_trade_sdk:3.1.1.11] AndroidManifest.xml:20:9-28:20
	android:screenOrientation
		ADDED from [com.alibaba.sdk.android:alibc_trade_sdk:3.1.1.11] AndroidManifest.xml:22:13-49
	android:name
		ADDED from [com.alibaba.sdk.android:alibc_trade_sdk:3.1.1.11] AndroidManifest.xml:21:13-95
intent-filter#COM_TAOBAO_TAE_SDK_TRADE_WEB_VIEW_ACTION+android.intent.category.DEFAULT
ADDED from [com.alibaba.sdk.android:alibc_trade_sdk:3.1.1.11] AndroidManifest.xml:23:13-27:29
action#COM_TAOBAO_TAE_SDK_TRADE_WEB_VIEW_ACTION
ADDED from [com.alibaba.sdk.android:alibc_trade_sdk:3.1.1.11] AndroidManifest.xml:24:17-83
	android:name
		ADDED from [com.alibaba.sdk.android:alibc_trade_sdk:3.1.1.11] AndroidManifest.xml:24:25-80
category#android.intent.category.DEFAULT
ADDED from [com.alibaba.sdk.android:alibc_trade_sdk:3.1.1.11] AndroidManifest.xml:26:17-76
	android:name
		ADDED from [com.alibaba.sdk.android:alibc_trade_sdk:3.1.1.11] AndroidManifest.xml:26:27-73
activity#com.alibaba.baichuan.android.trade.ui.activity.AlibcNativeTaobaoActivity
ADDED from [com.alibaba.sdk.android:alibc_trade_sdk:3.1.1.11] AndroidManifest.xml:29:9-41:20
	android:launchMode
		ADDED from [com.alibaba.sdk.android:alibc_trade_sdk:3.1.1.11] AndroidManifest.xml:32:13-44
	android:exported
		ADDED from [com.alibaba.sdk.android:alibc_trade_sdk:3.1.1.11] AndroidManifest.xml:31:13-36
	android:name
		ADDED from [com.alibaba.sdk.android:alibc_trade_sdk:3.1.1.11] AndroidManifest.xml:30:13-100
intent-filter#android.intent.action.VIEW+android.intent.category.BROWSABLE+android.intent.category.DEFAULT
ADDED from [com.alibaba.sdk.android:alibc_trade_sdk:3.1.1.11] AndroidManifest.xml:33:13-40:29
action#android.intent.action.VIEW
ADDED from [com.alibaba.sdk.android:alibc_trade_sdk:3.1.1.11] AndroidManifest.xml:34:17-69
	android:name
		ADDED from [com.alibaba.sdk.android:alibc_trade_sdk:3.1.1.11] AndroidManifest.xml:34:25-66
category#android.intent.category.BROWSABLE
ADDED from [com.alibaba.sdk.android:alibc_trade_sdk:3.1.1.11] AndroidManifest.xml:37:17-78
	android:name
		ADDED from [com.alibaba.sdk.android:alibc_trade_sdk:3.1.1.11] AndroidManifest.xml:37:27-75
data
ADDED from [com.alibaba.sdk.android:alibc_trade_sdk:3.1.1.11] AndroidManifest.xml:39:17-49
	android:scheme
		ADDED from [com.alibaba.sdk.android:alibc_trade_sdk:3.1.1.11] AndroidManifest.xml:39:23-46
activity#com.alibaba.baichuan.android.auth.AlibcAuthActivity
ADDED from [com.alibaba.sdk.android:alibc_trade_sdk:3.1.1.11] AndroidManifest.xml:42:9-47:20
	android:screenOrientation
		ADDED from [com.alibaba.sdk.android:alibc_trade_sdk:3.1.1.11] AndroidManifest.xml:45:13-49
	android:exported
		ADDED from [com.alibaba.sdk.android:alibc_trade_sdk:3.1.1.11] AndroidManifest.xml:44:13-37
	android:theme
		ADDED from [com.alibaba.sdk.android:alibc_trade_sdk:3.1.1.11] AndroidManifest.xml:46:13-61
	android:name
		ADDED from [com.alibaba.sdk.android:alibc_trade_sdk:3.1.1.11] AndroidManifest.xml:43:13-79
activity#com.alipay.sdk.app.H5PayActivity
ADDED from [com.alibaba.sdk.android:alibc_trade_sdk:3.1.1.11] AndroidManifest.xml:48:9-52:50
	android:screenOrientation
		ADDED from [com.alibaba.sdk.android:alibc_trade_sdk:3.1.1.11] AndroidManifest.xml:52:13-47
	android:exported
		ADDED from [com.alibaba.sdk.android:alibc_trade_sdk:3.1.1.11] AndroidManifest.xml:51:13-37
	android:configChanges
		ADDED from [com.alibaba.sdk.android:alibc_trade_sdk:3.1.1.11] AndroidManifest.xml:50:13-74
	android:name
		ADDED from [com.alibaba.sdk.android:alibc_trade_sdk:3.1.1.11] AndroidManifest.xml:49:13-60
activity#com.alipay.sdk.auth.AuthActivity
ADDED from [com.alibaba.sdk.android:alibc_trade_sdk:3.1.1.11] AndroidManifest.xml:53:9-57:50
	android:screenOrientation
		ADDED from [com.alibaba.sdk.android:alibc_trade_sdk:3.1.1.11] AndroidManifest.xml:57:13-47
	android:exported
		ADDED from [com.alibaba.sdk.android:alibc_trade_sdk:3.1.1.11] AndroidManifest.xml:56:13-37
	android:configChanges
		ADDED from [com.alibaba.sdk.android:alibc_trade_sdk:3.1.1.11] AndroidManifest.xml:55:13-74
	android:name
		ADDED from [com.alibaba.sdk.android:alibc_trade_sdk:3.1.1.11] AndroidManifest.xml:54:13-60
service#anetwork.channel.aidl.NetworkService
ADDED from [com.alibaba.sdk.android:alibc_trade_sdk:3.1.1.11] AndroidManifest.xml:60:9-66:19
	android:exported
		ADDED from [com.alibaba.sdk.android:alibc_trade_sdk:3.1.1.11] AndroidManifest.xml:62:13-37
	android:name
		ADDED from [com.alibaba.sdk.android:alibc_trade_sdk:3.1.1.11] AndroidManifest.xml:61:13-64
intent-filter#anetwork.channel.aidl.IRemoteNetworkGetter
ADDED from [com.alibaba.sdk.android:alibc_trade_sdk:3.1.1.11] AndroidManifest.xml:63:13-65:29
action#anetwork.channel.aidl.IRemoteNetworkGetter
ADDED from [com.alibaba.sdk.android:alibc_trade_sdk:3.1.1.11] AndroidManifest.xml:64:17-85
	android:name
		ADDED from [com.alibaba.sdk.android:alibc_trade_sdk:3.1.1.11] AndroidManifest.xml:64:25-82
service#mtopsdk.xstate.XStateService
ADDED from [com.alibaba.sdk.android:alibc_trade_sdk:3.1.1.11] AndroidManifest.xml:67:9-73:19
	android:exported
		ADDED from [com.alibaba.sdk.android:alibc_trade_sdk:3.1.1.11] AndroidManifest.xml:69:13-37
	android:name
		ADDED from [com.alibaba.sdk.android:alibc_trade_sdk:3.1.1.11] AndroidManifest.xml:68:13-56
intent-filter#mtopsdk.xstate.aidl.IXState
ADDED from [com.alibaba.sdk.android:alibc_trade_sdk:3.1.1.11] AndroidManifest.xml:70:13-72:29
action#mtopsdk.xstate.aidl.IXState
ADDED from [com.alibaba.sdk.android:alibc_trade_sdk:3.1.1.11] AndroidManifest.xml:71:17-70
	android:name
		ADDED from [com.alibaba.sdk.android:alibc_trade_sdk:3.1.1.11] AndroidManifest.xml:71:25-67
uses-library#android.test.runner
ADDED from [com.alibaba.sdk.android:alibc_trade_sdk:3.1.1.11] AndroidManifest.xml:75:9-60
	android:name
		ADDED from [com.alibaba.sdk.android:alibc_trade_sdk:3.1.1.11] AndroidManifest.xml:75:23-57